<?xml version="1.0" encoding="UTF-8"?>
<!-- Generated by org.testng.reporters.JUnitReportReporter -->
<testsuite hostname="DESKTOP-3075R42" name="testRunner.TestRunner" tests="2" failures="0" timestamp="25 Feb 2022 15:57:31 GMT" time="0.102" errors="0">
  <testcase name="feature" time="0.010" classname="testRunner.TestRunner"/>
  <testcase name="feature" time="0.092" classname="testRunner.TestRunner"/>
</testsuite> <!-- testRunner.TestRunner -->
